<?xml version="1.0" encoding="UTF-8"?>
<!-- Generated by org.testng.reporters.JUnitReportReporter -->
<testsuite skipped="0" hostname="R90QF7LC" name="com.pos.testcases.TC_FullRefund_Concessions" tests="2" failures="0" timestamp="07 Jun 2019 15:28:18 GMT" time="94.286" errors="0">
  <testcase name="EmpID" time="64.790" classname="com.pos.testcases.TC_FullRefund_Concessions"/>
  <testcase name="ConcessionFull_Refund" time="29.496" classname="com.pos.testcases.TC_FullRefund_Concessions"/>
</testsuite> <!-- com.pos.testcases.TC_FullRefund_Concessions -->
