<?xml version="1.0" encoding="UTF-8"?>
<!-- Generated by org.testng.reporters.JUnitReportReporter -->
<testsuite skipped="0" hostname="R90QF7LC" name="com.pos.testcases.BaseClass" tests="1" failures="0" timestamp="15 May 2019 10:27:09 GMT" time="64.483" errors="0">
  <testcase name="EmpID" time="64.483" classname="com.pos.testcases.BaseClass"/>
</testsuite> <!-- com.pos.testcases.BaseClass -->
