<?xml version="1.0" encoding="UTF-8"?>
<!-- Generated by org.testng.reporters.JUnitReportReporter -->
<testsuite skipped="0" hostname="R90QF7LC" name="com.pos.testcases.TC_CheckAbililtytoRefundAlreadyRefundedTicketsAbove" tests="2" failures="0" timestamp="11 Jun 2019 15:00:28 GMT" time="116.225" errors="0">
  <testcase name="EmpID" time="63.777" classname="com.pos.testcases.TC_CheckAbililtytoRefundAlreadyRefundedTicketsAbove"/>
  <testcase name="RefundAlreafundedTicket" time="52.448" classname="com.pos.testcases.TC_CheckAbililtytoRefundAlreadyRefundedTicketsAbove"/>
</testsuite> <!-- com.pos.testcases.TC_CheckAbililtytoRefundAlreadyRefundedTicketsAbove -->
