<?xml version="1.0" encoding="UTF-8"?>
<!-- Generated by org.testng.reporters.JUnitReportReporter -->
<testsuite skipped="0" hostname="R90QF7LC" name="com.pos.testcases.TC_Sell_Concessions" tests="2" failures="0" timestamp="18 Jun 2019 08:55:42 GMT" time="80.113" errors="0">
  <testcase name="EmpID" time="63.098" classname="com.pos.testcases.TC_Sell_Concessions"/>
  <testcase name="SellConcessions" time="17.015" classname="com.pos.testcases.TC_Sell_Concessions"/>
</testsuite> <!-- com.pos.testcases.TC_Sell_Concessions -->
