<?xml version="1.0" encoding="UTF-8"?>
<!-- Generated by org.testng.reporters.JUnitReportReporter -->
<testsuite skipped="0" hostname="R90QF7LC" name="com.pos.testcases.TC_Perform_Audit_POS" tests="2" failures="0" timestamp="07 Jun 2019 08:55:03 GMT" time="212.091" errors="0">
  <testcase name="EmpID" time="64.224" classname="com.pos.testcases.TC_Perform_Audit_POS"/>
  <testcase name="Audit_POS" time="147.867" classname="com.pos.testcases.TC_Perform_Audit_POS"/>
</testsuite> <!-- com.pos.testcases.TC_Perform_Audit_POS -->
