<?xml version="1.0" encoding="UTF-8"?>
<!-- Generated by org.testng.reporters.JUnitReportReporter -->
<testsuite skipped="0" hostname="R90QF7LC" name="com.pos.testcases.MultipleTicketPayments" tests="2" failures="0" timestamp="29 May 2019 18:58:17 GMT" time="88.876" errors="0">
  <testcase name="MultipleSignIn" time="24.821" classname="com.pos.testcases.MultipleTicketPayments"/>
  <testcase name="EmpID" time="64.055" classname="com.pos.testcases.MultipleTicketPayments"/>
</testsuite> <!-- com.pos.testcases.MultipleTicketPayments -->
