<?xml version="1.0" encoding="UTF-8"?>
<!-- Generated by org.testng.reporters.JUnitReportReporter -->
<testsuite skipped="0" hostname="R90QF7LC" name="com.pos.testcases.SingleSignIn" tests="2" failures="0" timestamp="22 May 2019 11:43:58 GMT" time="84.355" errors="0">
  <testcase name="SingleUserCashPayment" time="21.617" classname="com.pos.testcases.SingleSignIn"/>
  <testcase name="EmpID" time="62.738" classname="com.pos.testcases.SingleSignIn"/>
</testsuite> <!-- com.pos.testcases.SingleSignIn -->
