<?xml version="1.0" encoding="UTF-8"?>
<!-- Generated by org.testng.reporters.JUnitReportReporter -->
<testsuite skipped="0" hostname="R90QF7LC" name="com.pos.testcases.BaseClass" tests="1" failures="0" timestamp="03 Jun 2019 11:53:01 GMT" time="58.566" errors="0">
  <testcase name="EmpID" time="58.566" classname="com.pos.testcases.BaseClass"/>
</testsuite> <!-- com.pos.testcases.BaseClass -->
