<?xml version="1.0" encoding="UTF-8"?>
<!-- Generated by org.testng.reporters.JUnitReportReporter -->
<testsuite skipped="0" hostname="R90QF7LC" name="com.pos.testcases.TC_SingleTicket" tests="2" failures="0" timestamp="17 Jun 2019 15:19:38 GMT" time="82.616" errors="0">
  <testcase name="EmpID" time="63.436" classname="com.pos.testcases.TC_SingleTicket"/>
  <testcase name="SingleUserCashPayment" time="19.180" classname="com.pos.testcases.TC_SingleTicket"/>
</testsuite> <!-- com.pos.testcases.TC_SingleTicket -->
