<?xml version="1.0" encoding="UTF-8"?>
<!-- Generated by org.testng.reporters.JUnitReportReporter -->
<testsuite skipped="0" hostname="R90QF7LC" name="com.pos.testcases.TC_Sell_Concessions" tests="2" failures="0" timestamp="22 May 2019 11:43:58 GMT" time="84.121" errors="0">
  <testcase name="SellConcessions" time="17.915" classname="com.pos.testcases.TC_Sell_Concessions"/>
  <testcase name="EmpID" time="66.206" classname="com.pos.testcases.TC_Sell_Concessions"/>
</testsuite> <!-- com.pos.testcases.TC_Sell_Concessions -->
