<?xml version="1.0" encoding="UTF-8"?>
<!-- Generated by org.testng.reporters.JUnitReportReporter -->
<testsuite skipped="0" hostname="R90QF7LC" name="com.pos.testcases.TC_MultipleTicketBooking" tests="2" failures="0" timestamp="17 Jun 2019 15:19:38 GMT" time="94.249" errors="0">
  <testcase name="MultipleSignIn" time="32.475" classname="com.pos.testcases.TC_MultipleTicketBooking"/>
  <testcase name="EmpID" time="61.774" classname="com.pos.testcases.TC_MultipleTicketBooking"/>
</testsuite> <!-- com.pos.testcases.TC_MultipleTicketBooking -->
