<?xml version="1.0" encoding="UTF-8"?>
<!-- Generated by org.testng.reporters.JUnitReportReporter -->
<testsuite skipped="0" hostname="R90QF7LC" name="com.pos.testcases.TC_UpNext" tests="2" failures="0" timestamp="17 Jun 2019 15:19:38 GMT" time="76.608" errors="0">
  <testcase name="EmpID" time="65.588" classname="com.pos.testcases.TC_UpNext"/>
  <testcase name="Upnext" time="11.020" classname="com.pos.testcases.TC_UpNext"/>
</testsuite> <!-- com.pos.testcases.TC_UpNext -->
