<?xml version="1.0" encoding="UTF-8"?>
<!-- Generated by org.testng.reporters.JUnitReportReporter -->
<testsuite skipped="0" hostname="R90QF7LC" name="com.pos.testcases.TC_Partial_Refund_Cash_Concessions" tests="3" failures="0" timestamp="16 Jun 2019 16:57:13 GMT" time="142.891" errors="0">
  <testcase name="EmpID" time="63.014" classname="com.pos.testcases.TC_Partial_Refund_Cash_Concessions"/>
  <testcase name="PartialRefund" time="28.226" classname="com.pos.testcases.TC_Partial_Refund_Cash_Concessions"/>
  <testcase name="PartialRefundConcession" time="51.651" classname="com.pos.testcases.TC_Partial_Refund_Cash_Concessions"/>
</testsuite> <!-- com.pos.testcases.TC_Partial_Refund_Cash_Concessions -->
