<?xml version="1.0" encoding="UTF-8"?>
<!-- Generated by org.testng.reporters.JUnitReportReporter -->
<testsuite skipped="0" hostname="R90QF7LC" name="com.pos.testcases.MultipleTicketPayments" tests="2" failures="0" timestamp="22 May 2019 11:43:58 GMT" time="94.115" errors="0">
  <testcase name="MultipleSignIn" time="30.252" classname="com.pos.testcases.MultipleTicketPayments"/>
  <testcase name="EmpID" time="63.863" classname="com.pos.testcases.MultipleTicketPayments"/>
</testsuite> <!-- com.pos.testcases.MultipleTicketPayments -->
