<?xml version="1.0" encoding="UTF-8"?>
<!-- Generated by org.testng.reporters.JUnitReportReporter -->
<testsuite skipped="0" hostname="R90QF7LC" name="com.pos.testcases.TC_Lock_The_POS" tests="2" failures="0" timestamp="17 Jun 2019 15:19:38 GMT" time="99.661" errors="0">
  <testcase name="EmpID" time="64.338" classname="com.pos.testcases.TC_Lock_The_POS"/>
  <testcase name="Lock_POS" time="35.323" classname="com.pos.testcases.TC_Lock_The_POS"/>
</testsuite> <!-- com.pos.testcases.TC_Lock_The_POS -->
