<?xml version="1.0" encoding="UTF-8"?>
<!-- Generated by org.testng.reporters.JUnitReportReporter -->
<testsuite skipped="0" hostname="R90QF7LC" name="com.pos.testcases.TC_MultipleTicketBooking" tests="2" failures="0" timestamp="18 Jun 2019 08:27:44 GMT" time="110.056" errors="0">
  <testcase name="EmpID" time="69.311" classname="com.pos.testcases.TC_MultipleTicketBooking"/>
  <testcase name="MultipleSignIn" time="40.745" classname="com.pos.testcases.TC_MultipleTicketBooking"/>
</testsuite> <!-- com.pos.testcases.TC_MultipleTicketBooking -->
