<?xml version="1.0" encoding="UTF-8"?>
<!-- Generated by org.testng.reporters.JUnitReportReporter -->
<testsuite skipped="0" hostname="R90QF7LC" name="com.pos.testcases.TC_SingleTicket" tests="2" failures="0" timestamp="18 Jun 2019 11:10:04 GMT" time="91.570" errors="0">
  <testcase name="EmpID" time="68.344" classname="com.pos.testcases.TC_SingleTicket"/>
  <testcase name="SingleUserCashPayment" time="23.226" classname="com.pos.testcases.TC_SingleTicket"/>
</testsuite> <!-- com.pos.testcases.TC_SingleTicket -->
