<?xml version="1.0" encoding="UTF-8"?>
<!-- Generated by org.testng.reporters.JUnitReportReporter -->
<testsuite skipped="0" hostname="R90QF7LC" name="com.pos.testcases.TC_Lock_The_POS" tests="2" failures="0" timestamp="13 Jun 2019 09:21:08 GMT" time="95.738" errors="0">
  <testcase name="EmpID" time="61.621" classname="com.pos.testcases.TC_Lock_The_POS"/>
  <testcase name="Lock_POS" time="34.117" classname="com.pos.testcases.TC_Lock_The_POS"/>
</testsuite> <!-- com.pos.testcases.TC_Lock_The_POS -->
