<?xml version="1.0" encoding="UTF-8"?>
<!-- Generated by org.testng.reporters.JUnitReportReporter -->
<testsuite skipped="0" hostname="R90QF7LC" name="com.pos.testcases.SingleSignIn" tests="2" failures="0" timestamp="03 Jun 2019 16:01:40 GMT" time="81.757" errors="0">
  <testcase name="EmpID" time="63.634" classname="com.pos.testcases.SingleSignIn"/>
  <testcase name="SingleUserCashPayment" time="18.123" classname="com.pos.testcases.SingleSignIn"/>
</testsuite> <!-- com.pos.testcases.SingleSignIn -->
