<?xml version="1.0" encoding="UTF-8"?>
<!-- Generated by org.testng.reporters.JUnitReportReporter -->
<testsuite skipped="0" hostname="R90QF7LC" name="com.pos.testcases.TC_AddFloatToTheCashDrawer" tests="2" failures="0" timestamp="13 Jun 2019 13:10:17 GMT" time="76.303" errors="0">
  <testcase name="EmpID" time="63.250" classname="com.pos.testcases.TC_AddFloatToTheCashDrawer"/>
  <testcase name="addfloat" time="13.053" classname="com.pos.testcases.TC_AddFloatToTheCashDrawer"/>
</testsuite> <!-- com.pos.testcases.TC_AddFloatToTheCashDrawer -->
